#
# There is insufficient memory for the Java Runtime Environment to continue.
# Native memory allocation (mmap) failed to map 536870912 bytes for G1 virtual space
# Possible reasons:
#   The system is out of physical RAM or swap space
#   The process is running with CompressedOops enabled, and the Java Heap may be blocking the growth of the native heap
# Possible solutions:
#   Reduce memory load on the system
#   Increase physical memory or swap space
#   Check if swap backing store is full
#   Decrease Java heap size (-Xmx/-Xms)
#   Decrease number of Java threads
#   Decrease Java thread stack sizes (-Xss)
#   Set larger code cache with -XX:ReservedCodeCacheSize=
#   JVM is running with Zero Based Compressed Oops mode in which the Java heap is
#     placed in the first 32GB address space. The Java Heap base address is the
#     maximum limit for the native heap growth. Please use -XX:HeapBaseMinAddress
#     to set the Java Heap base and to place the Java Heap above 32GB virtual address.
# This output file may be truncated or incomplete.
#
#  Out of Memory Error (os_windows.cpp:3550), pid=5656, tid=30680
#
# JRE version:  (17.0.8+9) (build )
# Java VM: Java HotSpot(TM) 64-Bit Server VM (17.0.8+9-LTS-211, mixed mode, sharing, tiered, compressed oops, compressed class ptrs, g1 gc, windows-amd64)
# No core dump will be written. Minidumps are not enabled by default on client versions of Windows
#

---------------  S U M M A R Y ------------

Command Line: -Dfile.encoding=UTF-8 -Dstdout.encoding=UTF-8 -Dstderr.encoding=UTF-8 -XX:+ShowCodeDetailsInExceptionMessages store.Menu

Host: AMD Ryzen 5 3600 6-Core Processor              , 12 cores, 31G,  Windows 10 , 64 bit Build 19041 (10.0.19041.3636)
Time: Tue Feb 27 16:22:06 2024 Hora oficial do Brasil elapsed time: 0.019671 seconds (0d 0h 0m 0s)

---------------  T H R E A D  ---------------

Current thread (0x000001b5d79ebbc0):  JavaThread "Unknown thread" [_thread_in_vm, id=30680, stack(0x0000002d2cd00000,0x0000002d2ce00000)]

Stack: [0x0000002d2cd00000,0x0000002d2ce00000]
Native frames: (J=compiled Java code, j=interpreted, Vv=VM code, C=native code)
V  [jvm.dll+0x677d0a]
V  [jvm.dll+0x7d8c54]
V  [jvm.dll+0x7da3fe]
V  [jvm.dll+0x7daa63]
V  [jvm.dll+0x245c5f]
V  [jvm.dll+0x674bb9]
V  [jvm.dll+0x6694f2]
V  [jvm.dll+0x3031d6]
V  [jvm.dll+0x30a756]
V  [jvm.dll+0x359f9e]
V  [jvm.dll+0x35a1cf]
V  [jvm.dll+0x2da3e8]
V  [jvm.dll+0x2db354]
V  [jvm.dll+0x7aa711]
V  [jvm.dll+0x367b51]
V  [jvm.dll+0x789979]
V  [jvm.dll+0x3eb05f]
V  [jvm.dll+0x3ecae1]
C  [jli.dll+0x5297]
C  [ucrtbase.dll+0x21bb2]
C  [KERNEL32.DLL+0x17344]
C  [ntdll.dll+0x526b1]


---------------  P R O C E S S  ---------------

Threads class SMR info:
_java_thread_list=0x00007ffb194d59d8, length=0, elements={
}

Java Threads: ( => current thread )

Other Threads:
  0x000001b5d7a98ec0 GCTaskThread "GC Thread#0" [stack: 0x0000002d2ce00000,0x0000002d2cf00000] [id=25176]
  0x000001b5d7aab440 ConcurrentGCThread "G1 Main Marker" [stack: 0x0000002d2cf00000,0x0000002d2d000000] [id=26352]
  0x000001b5d7aabd60 ConcurrentGCThread "G1 Conc#0" [stack: 0x0000002d2d000000,0x0000002d2d100000] [id=37680]

[error occurred during error reporting (printing all threads), id 0xc0000005, EXCEPTION_ACCESS_VIOLATION (0xc0000005) at pc=0x00007ffb18d0b047]

VM state: not at safepoint (not fully initialized)

VM Mutex/Monitor currently owned by a thread:  ([mutex/lock_event])
[0x000001b5d57ed820] Heap_lock - owner thread: 0x000001b5d79ebbc0

Heap address: 0x0000000601000000, size: 8176 MB, Compressed Oops mode: Zero based, Oop shift amount: 3

CDS archive(s) mapped at: [0x0000000000000000-0x0000000000000000-0x0000000000000000), size 0, SharedBaseAddress: 0x0000000800000000, ArchiveRelocationMode: 1.
Narrow klass base: 0x0000000000000000, Narrow klass shift: 0, Narrow klass range: 0x0

GC Precious Log:
<Empty>

Heap:
 garbage-first heap   total 0K, used 0K [0x0000000601000000, 0x0000000800000000)
  region size 4096K, 0 young (0K), 0 survivors (0K)

[error occurred during error reporting (printing heap information), id 0xc0000005, EXCEPTION_ACCESS_VIOLATION (0xc0000005) at pc=0x00007ffb190f1499]

GC Heap History (0 events):
No events

Deoptimization events (0 events):
No events

Classes unloaded (0 events):
No events

Classes redefined (0 events):
No events

Internal exceptions (0 events):
No events

VM Operations (0 events):
No events

Events (1 events):
Event: 0.004 Loaded shared library C:\Program Files\Java\jdk-17\bin\java.dll


Dynamic libraries:
0x00007ff705140000 - 0x00007ff705150000 	C:\Program Files\Java\jdk-17\bin\javaw.exe
0x00007ffc082b0000 - 0x00007ffc084a8000 	C:\Windows\SYSTEM32\ntdll.dll
0x00007ffc08050000 - 0x00007ffc0810d000 	C:\Windows\System32\KERNEL32.DLL
0x00007ffc05ba0000 - 0x00007ffc05e96000 	C:\Windows\System32\KERNELBASE.dll
0x00007ffc05fa0000 - 0x00007ffc060a0000 	C:\Windows\System32\ucrtbase.dll
0x00007ffbe50a0000 - 0x00007ffbe50bb000 	C:\Program Files\Java\jdk-17\bin\VCRUNTIME140.dll
0x00007ffbe91a0000 - 0x00007ffbe91b9000 	C:\Program Files\Java\jdk-17\bin\jli.dll
0x00007ffc07020000 - 0x00007ffc070d3000 	C:\Windows\System32\ADVAPI32.dll
0x00007ffc06c20000 - 0x00007ffc06cbe000 	C:\Windows\System32\msvcrt.dll
0x00007ffc06990000 - 0x00007ffc06a2f000 	C:\Windows\System32\sechost.dll
0x00007ffc07900000 - 0x00007ffc07a26000 	C:\Windows\System32\RPCRT4.dll
0x00007ffc05b70000 - 0x00007ffc05b97000 	C:\Windows\System32\bcrypt.dll
0x00007ffc062f0000 - 0x00007ffc0648e000 	C:\Windows\System32\USER32.dll
0x00007ffc061a0000 - 0x00007ffc061c2000 	C:\Windows\System32\win32u.dll
0x00007ffc06a40000 - 0x00007ffc06a6b000 	C:\Windows\System32\GDI32.dll
0x00007ffbeb700000 - 0x00007ffbeb99a000 	C:\Windows\WinSxS\amd64_microsoft.windows.common-controls_6595b64144ccf1df_6.0.19041.3636_none_60b6a03d71f818d5\COMCTL32.dll
0x00007ffc061d0000 - 0x00007ffc062e7000 	C:\Windows\System32\gdi32full.dll
0x00007ffc05970000 - 0x00007ffc05a0d000 	C:\Windows\System32\msvcp_win.dll
0x00007ffbfc780000 - 0x00007ffbfc78a000 	C:\Windows\SYSTEM32\VERSION.dll
0x00007ffc06950000 - 0x00007ffc06982000 	C:\Windows\System32\IMM32.DLL
0x00007ffbeba10000 - 0x00007ffbeba1c000 	C:\Program Files\Java\jdk-17\bin\vcruntime140_1.dll
0x00007ffbc8030000 - 0x00007ffbc80be000 	C:\Program Files\Java\jdk-17\bin\msvcp140.dll
0x00007ffb18a20000 - 0x00007ffb195fe000 	C:\Program Files\Java\jdk-17\bin\server\jvm.dll
0x00007ffc06a30000 - 0x00007ffc06a38000 	C:\Windows\System32\PSAPI.DLL
0x00007ffbee360000 - 0x00007ffbee369000 	C:\Windows\SYSTEM32\WSOCK32.dll
0x00007ffbf9d60000 - 0x00007ffbf9d87000 	C:\Windows\SYSTEM32\WINMM.dll
0x00007ffc07a30000 - 0x00007ffc07a9b000 	C:\Windows\System32\WS2_32.dll
0x00007ffc03840000 - 0x00007ffc03852000 	C:\Windows\SYSTEM32\kernel.appcore.dll
0x00007ffbe9190000 - 0x00007ffbe919a000 	C:\Program Files\Java\jdk-17\bin\jimage.dll
0x00007ffbfcad0000 - 0x00007ffbfccb4000 	C:\Windows\SYSTEM32\DBGHELP.DLL
0x00007ffbf04e0000 - 0x00007ffbf0514000 	C:\Windows\SYSTEM32\dbgcore.DLL
0x00007ffc06110000 - 0x00007ffc06192000 	C:\Windows\System32\bcryptPrimitives.dll
0x00007ffbdd8b0000 - 0x00007ffbdd8d5000 	C:\Program Files\Java\jdk-17\bin\java.dll

dbghelp: loaded successfully - version: 4.0.5 - missing functions: none
symbol engine: initialized successfully - sym options: 0x614 - pdb path: .;C:\Program Files\Java\jdk-17\bin;C:\Windows\SYSTEM32;C:\Windows\WinSxS\amd64_microsoft.windows.common-controls_6595b64144ccf1df_6.0.19041.3636_none_60b6a03d71f818d5;C:\Program Files\Java\jdk-17\bin\server

VM Arguments:
jvm_args: -Dfile.encoding=UTF-8 -Dstdout.encoding=UTF-8 -Dstderr.encoding=UTF-8 -XX:+ShowCodeDetailsInExceptionMessages 
java_command: store.Menu
java_class_path (initial): C:\Users\55219\Documents\GenerationExercises\Projetos\Performance-Goal-Java\bin
Launcher Type: SUN_STANDARD

[Global flags]
     intx CICompilerCount                          = 4                                         {product} {ergonomic}
     uint ConcGCThreads                            = 3                                         {product} {ergonomic}
     uint G1ConcRefinementThreads                  = 10                                        {product} {ergonomic}
   size_t G1HeapRegionSize                         = 4194304                                   {product} {ergonomic}
    uintx GCDrainStackTargetSize                   = 64                                        {product} {ergonomic}
   size_t InitialHeapSize                          = 536870912                                 {product} {ergonomic}
   size_t MarkStackSize                            = 4194304                                   {product} {ergonomic}
   size_t MaxHeapSize                              = 8573157376                                {product} {ergonomic}
   size_t MinHeapDeltaBytes                        = 4194304                                   {product} {ergonomic}
   size_t MinHeapSize                              = 8388608                                   {product} {ergonomic}
    uintx NonNMethodCodeHeapSize                   = 5839372                                {pd product} {ergonomic}
    uintx NonProfiledCodeHeapSize                  = 122909434                              {pd product} {ergonomic}
    uintx ProfiledCodeHeapSize                     = 122909434                              {pd product} {ergonomic}
    uintx ReservedCodeCacheSize                    = 251658240                              {pd product} {ergonomic}
     bool SegmentedCodeCache                       = true                                      {product} {ergonomic}
     bool ShowCodeDetailsInExceptionMessages       = true                                   {manageable} {command line}
   size_t SoftMaxHeapSize                          = 8573157376                             {manageable} {ergonomic}
     bool UseCompressedClassPointers               = true                           {product lp64_product} {ergonomic}
     bool UseCompressedOops                        = true                           {product lp64_product} {ergonomic}
     bool UseG1GC                                  = true                                      {product} {ergonomic}
     bool UseLargePagesIndividualAllocation        = false                                  {pd product} {ergonomic}

Logging:
Log output configuration:
 #0: stdout all=warning uptime,level,tags
 #1: stderr all=off uptime,level,tags

Environment Variables:
JAVA_HOME=C:\Program Files\Java\jdk-17.0.8
PATH=C:/Users/55219/Downloads/sts-4.21.0.RELEASE//plugins/org.eclipse.justj.openjdk.hotspot.jre.full.win32.x86_64_17.0.9.v20231028-0858/jre/bin/server;C:/Users/55219/Downloads/sts-4.21.0.RELEASE//plugins/org.eclipse.justj.openjdk.hotspot.jre.full.win32.x86_64_17.0.9.v20231028-0858/jre/bin;C:\Program Files\Common Files\Oracle\Java\javapath;C:\Program Files (x86)\Common Files\Oracle\Java\javapath;C:\Program Files (x86)\Razer Chroma SDK\bin;C:\Program Files\Razer Chroma SDK\bin;C:\Program Files (x86)\Razer\ChromaBroadcast\bin;C:\Program Files\Razer\ChromaBroadcast\bin;C:\Program Files (x86)\Common Files\Intel\Shared Libraries\redist\intel64\compiler;C:\Windows\system32;C:\Windows;C:\Windows\System32\Wbem;C:\Windows\System32\WindowsPowerShell\v1.0\;C:\Windows\System32\OpenSSH\;C:\Program Files\Process Lasso\;C:\Program Files\dotnet\;C:\Windows\system32\config\systemprofile\AppData\Local\Microsoft\WindowsApps;C:\Users\55219\AppData\Local\Microsoft\WindowsApps;C:\Users\55219\.dotnet\tools;C:\adb;C:\Program Files\Git\cmd;C:\Program Files\Java\jdk-17.0.8;C:\Program Files\nodejs\;C:\Users\55219\AppData\Local\Microsoft\WindowsApps;C:\Users\55219\.dotnet\tools;C:\Users\55219\AppData\Local\Programs\Microsoft VS Code\bin;C:\Users\55219\AppData\Roaming\npm;C:\Users\55219\Downloads\sts-4.21.0.RELEASE;
USERNAME=Axlvox
OS=Windows_NT
PROCESSOR_IDENTIFIER=AMD64 Family 23 Model 113 Stepping 0, AuthenticAMD



---------------  S Y S T E M  ---------------

OS:
 Windows 10 , 64 bit Build 19041 (10.0.19041.3636)
OS uptime: 6 days 20:47 hours

CPU: total 12 (initial active 12) (12 cores per cpu, 2 threads per core) family 23 model 113 stepping 0 microcode 0x0, cx8, cmov, fxsr, ht, mmx, 3dnowpref, sse, sse2, sse3, ssse3, sse4a, sse4.1, sse4.2, popcnt, lzcnt, tsc, tscinvbit, avx, avx2, aes, clmul, bmi1, bmi2, adx, sha, fma, vzeroupper, clflush, clflushopt

Memory: 4k page, system-wide physical 32693M (18318M free)
TotalPageFile size 71465M (AvailPageFile size 81M)
current process WorkingSet (physical memory assigned to process): 10M, peak: 10M
current process commit charge ("private bytes"): 64M, peak: 576M

vm_info: Java HotSpot(TM) 64-Bit Server VM (17.0.8+9-LTS-211) for windows-amd64 JRE (17.0.8+9-LTS-211), built on Jun 14 2023 10:34:31 by "mach5one" with MS VC++ 17.1 (VS2022)

END.
